<?xml version="1.0" encoding="UTF-8"?>
<testsuite xmlns:xsi="http://www.w3.org/2001/XMLSchema-instance" xsi:noNamespaceSchemaLocation="https://maven.apache.org/surefire/maven-surefire-plugin/xsd/surefire-test-report.xsd" name="com.itheima.SpringbootMybatisCrudApplicationTests" time="2.783" tests="5" errors="0" skipped="0" failures="0">
  <properties>
    <property name="sun.desktop" value="windows"/>
    <property name="awt.toolkit" value="sun.awt.windows.WToolkit"/>
    <property name="java.specification.version" value="11"/>
    <property name="sun.cpu.isalist" value="amd64"/>
    <property name="sun.jnu.encoding" value="GBK"/>
    <property name="java.class.path" value="C:\Users\10203\Desktop\springboot-mybatis-crud\target\test-classes;C:\Users\10203\Desktop\springboot-mybatis-crud\target\classes;D:\Maven\apache-maven-3.6.3\apache-maven-3.6.3\mvn_repo\org\mybatis\spring\boot\mybatis-spring-boot-starter\2.2.2\mybatis-spring-boot-starter-2.2.2.jar;D:\Maven\apache-maven-3.6.3\apache-maven-3.6.3\mvn_repo\org\springframework\boot\spring-boot-starter\2.7.5\spring-boot-starter-2.7.5.jar;D:\Maven\apache-maven-3.6.3\apache-maven-3.6.3\mvn_repo\org\springframework\boot\spring-boot\2.7.5\spring-boot-2.7.5.jar;D:\Maven\apache-maven-3.6.3\apache-maven-3.6.3\mvn_repo\org\springframework\spring-context\5.3.23\spring-context-5.3.23.jar;D:\Maven\apache-maven-3.6.3\apache-maven-3.6.3\mvn_repo\org\springframework\spring-aop\5.3.23\spring-aop-5.3.23.jar;D:\Maven\apache-maven-3.6.3\apache-maven-3.6.3\mvn_repo\org\springframework\spring-expression\5.3.23\spring-expression-5.3.23.jar;D:\Maven\apache-maven-3.6.3\apache-maven-3.6.3\mvn_repo\org\springframework\boot\spring-boot-autoconfigure\2.7.5\spring-boot-autoconfigure-2.7.5.jar;D:\Maven\apache-maven-3.6.3\apache-maven-3.6.3\mvn_repo\org\springframework\boot\spring-boot-starter-logging\2.7.5\spring-boot-starter-logging-2.7.5.jar;D:\Maven\apache-maven-3.6.3\apache-maven-3.6.3\mvn_repo\ch\qos\logback\logback-classic\1.2.11\logback-classic-1.2.11.jar;D:\Maven\apache-maven-3.6.3\apache-maven-3.6.3\mvn_repo\ch\qos\logback\logback-core\1.2.11\logback-core-1.2.11.jar;D:\Maven\apache-maven-3.6.3\apache-maven-3.6.3\mvn_repo\org\apache\logging\log4j\log4j-to-slf4j\2.17.2\log4j-to-slf4j-2.17.2.jar;D:\Maven\apache-maven-3.6.3\apache-maven-3.6.3\mvn_repo\org\apache\logging\log4j\log4j-api\2.17.2\log4j-api-2.17.2.jar;D:\Maven\apache-maven-3.6.3\apache-maven-3.6.3\mvn_repo\org\slf4j\jul-to-slf4j\1.7.36\jul-to-slf4j-1.7.36.jar;D:\Maven\apache-maven-3.6.3\apache-maven-3.6.3\mvn_repo\jakarta\annotation\jakarta.annotation-api\1.3.5\jakarta.annotation-api-1.3.5.jar;D:\Maven\apache-maven-3.6.3\apache-maven-3.6.3\mvn_repo\org\yaml\snakeyaml\1.30\snakeyaml-1.30.jar;D:\Maven\apache-maven-3.6.3\apache-maven-3.6.3\mvn_repo\org\springframework\boot\spring-boot-starter-jdbc\2.7.5\spring-boot-starter-jdbc-2.7.5.jar;D:\Maven\apache-maven-3.6.3\apache-maven-3.6.3\mvn_repo\com\zaxxer\HikariCP\4.0.3\HikariCP-4.0.3.jar;D:\Maven\apache-maven-3.6.3\apache-maven-3.6.3\mvn_repo\org\springframework\spring-jdbc\5.3.23\spring-jdbc-5.3.23.jar;D:\Maven\apache-maven-3.6.3\apache-maven-3.6.3\mvn_repo\org\springframework\spring-beans\5.3.23\spring-beans-5.3.23.jar;D:\Maven\apache-maven-3.6.3\apache-maven-3.6.3\mvn_repo\org\springframework\spring-tx\5.3.23\spring-tx-5.3.23.jar;D:\Maven\apache-maven-3.6.3\apache-maven-3.6.3\mvn_repo\org\mybatis\spring\boot\mybatis-spring-boot-autoconfigure\2.2.2\mybatis-spring-boot-autoconfigure-2.2.2.jar;D:\Maven\apache-maven-3.6.3\apache-maven-3.6.3\mvn_repo\org\mybatis\mybatis\3.5.9\mybatis-3.5.9.jar;D:\Maven\apache-maven-3.6.3\apache-maven-3.6.3\mvn_repo\org\mybatis\mybatis-spring\2.0.7\mybatis-spring-2.0.7.jar;D:\Maven\apache-maven-3.6.3\apache-maven-3.6.3\mvn_repo\com\mysql\mysql-connector-j\8.0.31\mysql-connector-j-8.0.31.jar;D:\Maven\apache-maven-3.6.3\apache-maven-3.6.3\mvn_repo\org\projectlombok\lombok\1.18.24\lombok-1.18.24.jar;D:\Maven\apache-maven-3.6.3\apache-maven-3.6.3\mvn_repo\org\springframework\boot\spring-boot-starter-test\2.7.5\spring-boot-starter-test-2.7.5.jar;D:\Maven\apache-maven-3.6.3\apache-maven-3.6.3\mvn_repo\org\springframework\boot\spring-boot-test\2.7.5\spring-boot-test-2.7.5.jar;D:\Maven\apache-maven-3.6.3\apache-maven-3.6.3\mvn_repo\org\springframework\boot\spring-boot-test-autoconfigure\2.7.5\spring-boot-test-autoconfigure-2.7.5.jar;D:\Maven\apache-maven-3.6.3\apache-maven-3.6.3\mvn_repo\com\jayway\jsonpath\json-path\2.7.0\json-path-2.7.0.jar;D:\Maven\apache-maven-3.6.3\apache-maven-3.6.3\mvn_repo\net\minidev\json-smart\2.4.8\json-smart-2.4.8.jar;D:\Maven\apache-maven-3.6.3\apache-maven-3.6.3\mvn_repo\net\minidev\accessors-smart\2.4.8\accessors-smart-2.4.8.jar;D:\Maven\apache-maven-3.6.3\apache-maven-3.6.3\mvn_repo\org\ow2\asm\asm\9.1\asm-9.1.jar;D:\Maven\apache-maven-3.6.3\apache-maven-3.6.3\mvn_repo\org\slf4j\slf4j-api\1.7.36\slf4j-api-1.7.36.jar;D:\Maven\apache-maven-3.6.3\apache-maven-3.6.3\mvn_repo\jakarta\xml\bind\jakarta.xml.bind-api\2.3.3\jakarta.xml.bind-api-2.3.3.jar;D:\Maven\apache-maven-3.6.3\apache-maven-3.6.3\mvn_repo\jakarta\activation\jakarta.activation-api\1.2.2\jakarta.activation-api-1.2.2.jar;D:\Maven\apache-maven-3.6.3\apache-maven-3.6.3\mvn_repo\org\assertj\assertj-core\3.22.0\assertj-core-3.22.0.jar;D:\Maven\apache-maven-3.6.3\apache-maven-3.6.3\mvn_repo\org\hamcrest\hamcrest\2.2\hamcrest-2.2.jar;D:\Maven\apache-maven-3.6.3\apache-maven-3.6.3\mvn_repo\org\junit\jupiter\junit-jupiter\5.8.2\junit-jupiter-5.8.2.jar;D:\Maven\apache-maven-3.6.3\apache-maven-3.6.3\mvn_repo\org\junit\jupiter\junit-jupiter-api\5.8.2\junit-jupiter-api-5.8.2.jar;D:\Maven\apache-maven-3.6.3\apache-maven-3.6.3\mvn_repo\org\opentest4j\opentest4j\1.2.0\opentest4j-1.2.0.jar;D:\Maven\apache-maven-3.6.3\apache-maven-3.6.3\mvn_repo\org\junit\platform\junit-platform-commons\1.8.2\junit-platform-commons-1.8.2.jar;D:\Maven\apache-maven-3.6.3\apache-maven-3.6.3\mvn_repo\org\apiguardian\apiguardian-api\1.1.2\apiguardian-api-1.1.2.jar;D:\Maven\apache-maven-3.6.3\apache-maven-3.6.3\mvn_repo\org\junit\jupiter\junit-jupiter-params\5.8.2\junit-jupiter-params-5.8.2.jar;D:\Maven\apache-maven-3.6.3\apache-maven-3.6.3\mvn_repo\org\junit\jupiter\junit-jupiter-engine\5.8.2\junit-jupiter-engine-5.8.2.jar;D:\Maven\apache-maven-3.6.3\apache-maven-3.6.3\mvn_repo\org\junit\platform\junit-platform-engine\1.8.2\junit-platform-engine-1.8.2.jar;D:\Maven\apache-maven-3.6.3\apache-maven-3.6.3\mvn_repo\org\mockito\mockito-core\4.5.1\mockito-core-4.5.1.jar;D:\Maven\apache-maven-3.6.3\apache-maven-3.6.3\mvn_repo\net\bytebuddy\byte-buddy\1.12.18\byte-buddy-1.12.18.jar;D:\Maven\apache-maven-3.6.3\apache-maven-3.6.3\mvn_repo\net\bytebuddy\byte-buddy-agent\1.12.18\byte-buddy-agent-1.12.18.jar;D:\Maven\apache-maven-3.6.3\apache-maven-3.6.3\mvn_repo\org\objenesis\objenesis\3.2\objenesis-3.2.jar;D:\Maven\apache-maven-3.6.3\apache-maven-3.6.3\mvn_repo\org\mockito\mockito-junit-jupiter\4.5.1\mockito-junit-jupiter-4.5.1.jar;D:\Maven\apache-maven-3.6.3\apache-maven-3.6.3\mvn_repo\org\skyscreamer\jsonassert\1.5.1\jsonassert-1.5.1.jar;D:\Maven\apache-maven-3.6.3\apache-maven-3.6.3\mvn_repo\com\vaadin\external\google\android-json\0.0.20131108.vaadin1\android-json-0.0.20131108.vaadin1.jar;D:\Maven\apache-maven-3.6.3\apache-maven-3.6.3\mvn_repo\org\springframework\spring-core\5.3.23\spring-core-5.3.23.jar;D:\Maven\apache-maven-3.6.3\apache-maven-3.6.3\mvn_repo\org\springframework\spring-jcl\5.3.23\spring-jcl-5.3.23.jar;D:\Maven\apache-maven-3.6.3\apache-maven-3.6.3\mvn_repo\org\springframework\spring-test\5.3.23\spring-test-5.3.23.jar;D:\Maven\apache-maven-3.6.3\apache-maven-3.6.3\mvn_repo\org\xmlunit\xmlunit-core\2.9.0\xmlunit-core-2.9.0.jar;"/>
    <property name="java.vm.vendor" value="Oracle Corporation"/>
    <property name="sun.arch.data.model" value="64"/>
    <property name="user.variant" value=""/>
    <property name="java.vendor.url" value="http://java.oracle.com/"/>
    <property name="user.timezone" value="Asia/Shanghai"/>
    <property name="java.vm.specification.version" value="11"/>
    <property name="os.name" value="Windows 10"/>
    <property name="sun.java.launcher" value="SUN_STANDARD"/>
    <property name="user.country" value="CN"/>
    <property name="sun.boot.library.path" value="C:\Program Files\Java\jdk-11.0.6\bin"/>
    <property name="sun.java.command" value="C:\Users\10203\AppData\Local\Temp\surefire2212211941269367151\surefirebooter3527851340395683070.jar C:\Users\10203\AppData\Local\Temp\surefire2212211941269367151 2023-11-21T15-04-47_434-jvmRun1 surefire3669900939076427192tmp surefire_06132410844062092941tmp"/>
    <property name="jdk.debug" value="release"/>
    <property name="surefire.test.class.path" value="C:\Users\10203\Desktop\springboot-mybatis-crud\target\test-classes;C:\Users\10203\Desktop\springboot-mybatis-crud\target\classes;D:\Maven\apache-maven-3.6.3\apache-maven-3.6.3\mvn_repo\org\mybatis\spring\boot\mybatis-spring-boot-starter\2.2.2\mybatis-spring-boot-starter-2.2.2.jar;D:\Maven\apache-maven-3.6.3\apache-maven-3.6.3\mvn_repo\org\springframework\boot\spring-boot-starter\2.7.5\spring-boot-starter-2.7.5.jar;D:\Maven\apache-maven-3.6.3\apache-maven-3.6.3\mvn_repo\org\springframework\boot\spring-boot\2.7.5\spring-boot-2.7.5.jar;D:\Maven\apache-maven-3.6.3\apache-maven-3.6.3\mvn_repo\org\springframework\spring-context\5.3.23\spring-context-5.3.23.jar;D:\Maven\apache-maven-3.6.3\apache-maven-3.6.3\mvn_repo\org\springframework\spring-aop\5.3.23\spring-aop-5.3.23.jar;D:\Maven\apache-maven-3.6.3\apache-maven-3.6.3\mvn_repo\org\springframework\spring-expression\5.3.23\spring-expression-5.3.23.jar;D:\Maven\apache-maven-3.6.3\apache-maven-3.6.3\mvn_repo\org\springframework\boot\spring-boot-autoconfigure\2.7.5\spring-boot-autoconfigure-2.7.5.jar;D:\Maven\apache-maven-3.6.3\apache-maven-3.6.3\mvn_repo\org\springframework\boot\spring-boot-starter-logging\2.7.5\spring-boot-starter-logging-2.7.5.jar;D:\Maven\apache-maven-3.6.3\apache-maven-3.6.3\mvn_repo\ch\qos\logback\logback-classic\1.2.11\logback-classic-1.2.11.jar;D:\Maven\apache-maven-3.6.3\apache-maven-3.6.3\mvn_repo\ch\qos\logback\logback-core\1.2.11\logback-core-1.2.11.jar;D:\Maven\apache-maven-3.6.3\apache-maven-3.6.3\mvn_repo\org\apache\logging\log4j\log4j-to-slf4j\2.17.2\log4j-to-slf4j-2.17.2.jar;D:\Maven\apache-maven-3.6.3\apache-maven-3.6.3\mvn_repo\org\apache\logging\log4j\log4j-api\2.17.2\log4j-api-2.17.2.jar;D:\Maven\apache-maven-3.6.3\apache-maven-3.6.3\mvn_repo\org\slf4j\jul-to-slf4j\1.7.36\jul-to-slf4j-1.7.36.jar;D:\Maven\apache-maven-3.6.3\apache-maven-3.6.3\mvn_repo\jakarta\annotation\jakarta.annotation-api\1.3.5\jakarta.annotation-api-1.3.5.jar;D:\Maven\apache-maven-3.6.3\apache-maven-3.6.3\mvn_repo\org\yaml\snakeyaml\1.30\snakeyaml-1.30.jar;D:\Maven\apache-maven-3.6.3\apache-maven-3.6.3\mvn_repo\org\springframework\boot\spring-boot-starter-jdbc\2.7.5\spring-boot-starter-jdbc-2.7.5.jar;D:\Maven\apache-maven-3.6.3\apache-maven-3.6.3\mvn_repo\com\zaxxer\HikariCP\4.0.3\HikariCP-4.0.3.jar;D:\Maven\apache-maven-3.6.3\apache-maven-3.6.3\mvn_repo\org\springframework\spring-jdbc\5.3.23\spring-jdbc-5.3.23.jar;D:\Maven\apache-maven-3.6.3\apache-maven-3.6.3\mvn_repo\org\springframework\spring-beans\5.3.23\spring-beans-5.3.23.jar;D:\Maven\apache-maven-3.6.3\apache-maven-3.6.3\mvn_repo\org\springframework\spring-tx\5.3.23\spring-tx-5.3.23.jar;D:\Maven\apache-maven-3.6.3\apache-maven-3.6.3\mvn_repo\org\mybatis\spring\boot\mybatis-spring-boot-autoconfigure\2.2.2\mybatis-spring-boot-autoconfigure-2.2.2.jar;D:\Maven\apache-maven-3.6.3\apache-maven-3.6.3\mvn_repo\org\mybatis\mybatis\3.5.9\mybatis-3.5.9.jar;D:\Maven\apache-maven-3.6.3\apache-maven-3.6.3\mvn_repo\org\mybatis\mybatis-spring\2.0.7\mybatis-spring-2.0.7.jar;D:\Maven\apache-maven-3.6.3\apache-maven-3.6.3\mvn_repo\com\mysql\mysql-connector-j\8.0.31\mysql-connector-j-8.0.31.jar;D:\Maven\apache-maven-3.6.3\apache-maven-3.6.3\mvn_repo\org\projectlombok\lombok\1.18.24\lombok-1.18.24.jar;D:\Maven\apache-maven-3.6.3\apache-maven-3.6.3\mvn_repo\org\springframework\boot\spring-boot-starter-test\2.7.5\spring-boot-starter-test-2.7.5.jar;D:\Maven\apache-maven-3.6.3\apache-maven-3.6.3\mvn_repo\org\springframework\boot\spring-boot-test\2.7.5\spring-boot-test-2.7.5.jar;D:\Maven\apache-maven-3.6.3\apache-maven-3.6.3\mvn_repo\org\springframework\boot\spring-boot-test-autoconfigure\2.7.5\spring-boot-test-autoconfigure-2.7.5.jar;D:\Maven\apache-maven-3.6.3\apache-maven-3.6.3\mvn_repo\com\jayway\jsonpath\json-path\2.7.0\json-path-2.7.0.jar;D:\Maven\apache-maven-3.6.3\apache-maven-3.6.3\mvn_repo\net\minidev\json-smart\2.4.8\json-smart-2.4.8.jar;D:\Maven\apache-maven-3.6.3\apache-maven-3.6.3\mvn_repo\net\minidev\accessors-smart\2.4.8\accessors-smart-2.4.8.jar;D:\Maven\apache-maven-3.6.3\apache-maven-3.6.3\mvn_repo\org\ow2\asm\asm\9.1\asm-9.1.jar;D:\Maven\apache-maven-3.6.3\apache-maven-3.6.3\mvn_repo\org\slf4j\slf4j-api\1.7.36\slf4j-api-1.7.36.jar;D:\Maven\apache-maven-3.6.3\apache-maven-3.6.3\mvn_repo\jakarta\xml\bind\jakarta.xml.bind-api\2.3.3\jakarta.xml.bind-api-2.3.3.jar;D:\Maven\apache-maven-3.6.3\apache-maven-3.6.3\mvn_repo\jakarta\activation\jakarta.activation-api\1.2.2\jakarta.activation-api-1.2.2.jar;D:\Maven\apache-maven-3.6.3\apache-maven-3.6.3\mvn_repo\org\assertj\assertj-core\3.22.0\assertj-core-3.22.0.jar;D:\Maven\apache-maven-3.6.3\apache-maven-3.6.3\mvn_repo\org\hamcrest\hamcrest\2.2\hamcrest-2.2.jar;D:\Maven\apache-maven-3.6.3\apache-maven-3.6.3\mvn_repo\org\junit\jupiter\junit-jupiter\5.8.2\junit-jupiter-5.8.2.jar;D:\Maven\apache-maven-3.6.3\apache-maven-3.6.3\mvn_repo\org\junit\jupiter\junit-jupiter-api\5.8.2\junit-jupiter-api-5.8.2.jar;D:\Maven\apache-maven-3.6.3\apache-maven-3.6.3\mvn_repo\org\opentest4j\opentest4j\1.2.0\opentest4j-1.2.0.jar;D:\Maven\apache-maven-3.6.3\apache-maven-3.6.3\mvn_repo\org\junit\platform\junit-platform-commons\1.8.2\junit-platform-commons-1.8.2.jar;D:\Maven\apache-maven-3.6.3\apache-maven-3.6.3\mvn_repo\org\apiguardian\apiguardian-api\1.1.2\apiguardian-api-1.1.2.jar;D:\Maven\apache-maven-3.6.3\apache-maven-3.6.3\mvn_repo\org\junit\jupiter\junit-jupiter-params\5.8.2\junit-jupiter-params-5.8.2.jar;D:\Maven\apache-maven-3.6.3\apache-maven-3.6.3\mvn_repo\org\junit\jupiter\junit-jupiter-engine\5.8.2\junit-jupiter-engine-5.8.2.jar;D:\Maven\apache-maven-3.6.3\apache-maven-3.6.3\mvn_repo\org\junit\platform\junit-platform-engine\1.8.2\junit-platform-engine-1.8.2.jar;D:\Maven\apache-maven-3.6.3\apache-maven-3.6.3\mvn_repo\org\mockito\mockito-core\4.5.1\mockito-core-4.5.1.jar;D:\Maven\apache-maven-3.6.3\apache-maven-3.6.3\mvn_repo\net\bytebuddy\byte-buddy\1.12.18\byte-buddy-1.12.18.jar;D:\Maven\apache-maven-3.6.3\apache-maven-3.6.3\mvn_repo\net\bytebuddy\byte-buddy-agent\1.12.18\byte-buddy-agent-1.12.18.jar;D:\Maven\apache-maven-3.6.3\apache-maven-3.6.3\mvn_repo\org\objenesis\objenesis\3.2\objenesis-3.2.jar;D:\Maven\apache-maven-3.6.3\apache-maven-3.6.3\mvn_repo\org\mockito\mockito-junit-jupiter\4.5.1\mockito-junit-jupiter-4.5.1.jar;D:\Maven\apache-maven-3.6.3\apache-maven-3.6.3\mvn_repo\org\skyscreamer\jsonassert\1.5.1\jsonassert-1.5.1.jar;D:\Maven\apache-maven-3.6.3\apache-maven-3.6.3\mvn_repo\com\vaadin\external\google\android-json\0.0.20131108.vaadin1\android-json-0.0.20131108.vaadin1.jar;D:\Maven\apache-maven-3.6.3\apache-maven-3.6.3\mvn_repo\org\springframework\spring-core\5.3.23\spring-core-5.3.23.jar;D:\Maven\apache-maven-3.6.3\apache-maven-3.6.3\mvn_repo\org\springframework\spring-jcl\5.3.23\spring-jcl-5.3.23.jar;D:\Maven\apache-maven-3.6.3\apache-maven-3.6.3\mvn_repo\org\springframework\spring-test\5.3.23\spring-test-5.3.23.jar;D:\Maven\apache-maven-3.6.3\apache-maven-3.6.3\mvn_repo\org\xmlunit\xmlunit-core\2.9.0\xmlunit-core-2.9.0.jar;"/>
    <property name="sun.cpu.endian" value="little"/>
    <property name="user.home" value="C:\Users\10203"/>
    <property name="user.language" value="zh"/>
    <property name="java.specification.vendor" value="Oracle Corporation"/>
    <property name="java.version.date" value="2020-01-14"/>
    <property name="java.home" value="C:\Program Files\Java\jdk-11.0.6"/>
    <property name="file.separator" value="\"/>
    <property name="basedir" value="C:\Users\10203\Desktop\springboot-mybatis-crud"/>
    <property name="java.vm.compressedOopsMode" value="Zero based"/>
    <property name="line.separator" value="&#10;"/>
    <property name="java.specification.name" value="Java Platform API Specification"/>
    <property name="java.vm.specification.vendor" value="Oracle Corporation"/>
    <property name="java.awt.graphicsenv" value="sun.awt.Win32GraphicsEnvironment"/>
    <property name="surefire.real.class.path" value="C:\Users\10203\AppData\Local\Temp\surefire2212211941269367151\surefirebooter3527851340395683070.jar"/>
    <property name="user.script" value=""/>
    <property name="sun.management.compiler" value="HotSpot 64-Bit Tiered Compilers"/>
    <property name="java.runtime.version" value="11.0.6+8-LTS"/>
    <property name="user.name" value="10203"/>
    <property name="path.separator" value=";"/>
    <property name="os.version" value="10.0"/>
    <property name="java.runtime.name" value="Java(TM) SE Runtime Environment"/>
    <property name="file.encoding" value="GBK"/>
    <property name="java.vm.name" value="Java HotSpot(TM) 64-Bit Server VM"/>
    <property name="java.vendor.version" value="18.9"/>
    <property name="localRepository" value="D:\Maven\apache-maven-3.6.3\apache-maven-3.6.3\mvn_repo"/>
    <property name="java.vendor.url.bug" value="http://bugreport.java.com/bugreport/"/>
    <property name="java.io.tmpdir" value="C:\Users\10203\AppData\Local\Temp\"/>
    <property name="idea.version" value="2022.3.1"/>
    <property name="java.version" value="11.0.6"/>
    <property name="user.dir" value="C:\Users\10203\Desktop\springboot-mybatis-crud"/>
    <property name="os.arch" value="amd64"/>
    <property name="java.vm.specification.name" value="Java Virtual Machine Specification"/>
    <property name="java.awt.printerjob" value="sun.awt.windows.WPrinterJob"/>
    <property name="sun.os.patch.level" value=""/>
    <property name="java.library.path" value="C:\Program Files\Java\jdk-11.0.6\bin;C:\WINDOWS\Sun\Java\bin;C:\WINDOWS\system32;C:\WINDOWS;G:\newanaconda\condabin;G:\cuda_development\bin;G:\cuda_development\libnvvp;C:\Program Files (x86)\VMware\VMware Workstation\bin\;C:\Program Files (x86)\Common Files\Intel\Shared Libraries\redist\intel64\compiler;C:\Program Files\Common Files\Oracle\Java\javapath;C:\Windows\system32;C:\Windows;C:\Windows\System32\Wbem;C:\Windows\System32\WindowsPowerShell\v1.0\;C:\Windows\System32\OpenSSH\;C:\Program Files (x86)\NVIDIA Corporation\PhysX\Common;C:\Program Files\NVIDIA Corporation\NVIDIA NvDLISR;C:\WINDOWS\system32;C:\WINDOWS;C:\WINDOWS\System32\Wbem;C:\WINDOWS\System32\WindowsPowerShell\v1.0\;C:\WINDOWS\System32\OpenSSH\;C:\Program Files\Git\cmd;D:\mtlab2017b\runtime\win64;D:\mtlab2017b\bin;C:\Program Files (x86)\Tencent\微信web开发者工具\dll;C:\Program Files\Bandizip\;C:\Program Files\dotnet\;E:\ndoejs\;C:\WINDOWS\system32;C:\WINDOWS;C:\WINDOWS\System32\Wbem;C:\WINDOWS\System32\WindowsPowerShell\v1.0\;C:\WINDOWS\System32\OpenSSH\;C:\Program Files\NVIDIA Corporation\Nsight Compute 2022.2.0\;D:\neo4j\neo4j-community-5.8.0-windows\neo4j-community-5.8.0\bin;C:\Program Files\Java\jdk-11.0.6\bin;C:\\Users\\10203\\AppData\\Roaming\\npm;D:\Maven\apache-maven-3.6.3\apache-maven-3.6.3\bin;D:\mysql-8.0.31-winx64\mysql-8.0.31-winx64\bin;G:\newanaconda;G:\newanaconda\Library\mingw-w64\bin;G:\newanaconda\Library\usr\bin;G:\newanaconda\Library\bin;G:\newanaconda\Scripts;C:\Users\10203\AppData\Local\Programs\Python\Python39\Scripts\;C:\Users\10203\AppData\Local\Programs\Python\Python39\;C:\Users\10203\AppData\Local\Microsoft\WindowsApps;D:\MINGW\bin;D:\Pycharm\PyCharm Community Edition 2021.3\bin;C:\Users\10203\.dotnet\tools;C:\Users\10203\AppData\Local\Programs\Microsoft VS Code\bin;C:\Users\10203\AppData\Local\Programs\Fiddler;D:\GoLand 2022.1\bin;E:\webstorm\WebStorm 2022.2.3\bin;E:\IDEA\IntelliJ IDEA 2022.3.1\bin;E:\ndoejs\node_global;C:\Users\10203\AppData\Local\Microsoft\WindowsApps;C:\Users\10203\AppData\Local\JetBrains\Toolbox\scripts;;."/>
    <property name="java.vendor" value="Oracle Corporation"/>
    <property name="java.vm.info" value="mixed mode"/>
    <property name="java.vm.version" value="11.0.6+8-LTS"/>
    <property name="sun.io.unicode.encoding" value="UnicodeLittle"/>
    <property name="java.class.version" value="55.0"/>
  </properties>
  <testcase name="testList" classname="com.itheima.SpringbootMybatisCrudApplicationTests" time="1.225"/>
  <testcase name="testGetById" classname="com.itheima.SpringbootMybatisCrudApplicationTests" time="0.004"/>
  <testcase name="testDelete" classname="com.itheima.SpringbootMybatisCrudApplicationTests" time="0.005"/>
  <testcase name="testInsert" classname="com.itheima.SpringbootMybatisCrudApplicationTests" time="0.011"/>
  <testcase name="testUpdate" classname="com.itheima.SpringbootMybatisCrudApplicationTests" time="0.009"/>
</testsuite>